{
  "message": "Validation Failed",
  "errors": [
    {
      "resource": "PullRequest",
      "field": "base",
      "code": "invalid"
    },
    {
      "resource": "PullRequest",
      "field": "head",
      "code": "invalid"
    }
  ],
  "documentation_url": "https://developer.github.com/v3/pulls/#create-a-pull-request"
}
{
  "url": "https://api.github.com/repos/facebookarchive/cassandra/pulls/1",
  "id": 121086521,
  "html_url": "https://github.com/facebookarchive/cassandra/pull/1",
  "diff_url": "https://github.com/facebookarchive/cassandra/pull/1.diff",
  "patch_url": "https://github.com/facebookarchive/cassandra/pull/1.patch",
  "issue_url": "https://api.github.com/repos/facebookarchive/cassandra/issues/1",
  "number": 1,
  "state": "open",
  "locked": false,
  "title": "Fix broken url to better Bloom filter paper",
  "user": {
    "login": "andrelaszlo",
    "id": 21381,
    "avatar_url": "https://avatars1.githubusercontent.com/u/21381?v=3",
    "gravatar_id": "",
    "url": "https://api.github.com/users/andrelaszlo",
    "html_url": "https://github.com/andrelaszlo",
    "followers_url": "https://api.github.com/users/andrelaszlo/followers",
    "following_url": "https://api.github.com/users/andrelaszlo/following{/other_user}",
    "gists_url": "https://api.github.com/users/andrelaszlo/gists{/gist_id}",
    "starred_url": "https://api.github.com/users/andrelaszlo/starred{/owner}{/repo}",
    "subscriptions_url": "https://api.github.com/users/andrelaszlo/subscriptions",
    "organizations_url": "https://api.github.com/users/andrelaszlo/orgs",
    "repos_url": "https://api.github.com/users/andrelaszlo/repos",
    "events_url": "https://api.github.com/users/andrelaszlo/events{/privacy}",
    "received_events_url": "https://api.github.com/users/andrelaszlo/received_events",
    "type": "User",
    "site_admin": false
  },
  "body": "I noticed that this link was broken so I replaced it with a link to a copy provided by the other author",
  "created_at": "2017-05-17T15:27:11Z",
  "updated_at": "2017-05-17T15:27:11Z",
  "closed_at": null,
  "merged_at": null,
  "merge_commit_sha": null,
  "assignee": null,
  "assignees": [

  ],
  "requested_reviewers": [

  ],
  "milestone": null,
  "commits_url": "https://api.github.com/repos/facebookarchive/cassandra/pulls/1/commits",
  "review_comments_url": "https://api.github.com/repos/facebookarchive/cassandra/pulls/1/comments",
  "review_comment_url": "https://api.github.com/repos/facebookarchive/cassandra/pulls/comments{/number}",
  "comments_url": "https://api.github.com/repos/facebookarchive/cassandra/issues/1/comments",
  "statuses_url": "https://api.github.com/repos/facebookarchive/cassandra/statuses/f1966d980425bcc013947efb8369775059787dbe",
  "head": {
    "label": "andrelaszlo:master",
    "ref": "master",
    "sha": "f1966d980425bcc013947efb8369775059787dbe",
    "user": {
      "login": "andrelaszlo",
      "id": 21381,
      "avatar_url": "https://avatars1.githubusercontent.com/u/21381?v=3",
      "gravatar_id": "",
      "url": "https://api.github.com/users/andrelaszlo",
      "html_url": "https://github.com/andrelaszlo",
      "followers_url": "https://api.github.com/users/andrelaszlo/followers",
      "following_url": "https://api.github.com/users/andrelaszlo/following{/other_user}",
      "gists_url": "https://api.github.com/users/andrelaszlo/gists{/gist_id}",
      "starred_url": "https://api.github.com/users/andrelaszlo/starred{/owner}{/repo}",
      "subscriptions_url": "https://api.github.com/users/andrelaszlo/subscriptions",
      "organizations_url": "https://api.github.com/users/andrelaszlo/orgs",
      "repos_url": "https://api.github.com/users/andrelaszlo/repos",
      "events_url": "https://api.github.com/users/andrelaszlo/events{/privacy}",
      "received_events_url": "https://api.github.com/users/andrelaszlo/received_events",
      "type": "User",
      "site_admin": false
    },
    "repo": {
      "id": 91577433,
      "name": "cassandra",
      "full_name": "andrelaszlo/cassandra",
      "owner": {
        "login": "andrelaszlo",
        "id": 21381,
        "avatar_url": "https://avatars1.githubusercontent.com/u/21381?v=3",
        "gravatar_id": "",
        "url": "https://api.github.com/users/andrelaszlo",
        "html_url": "https://github.com/andrelaszlo",
        "followers_url": "https://api.github.com/users/andrelaszlo/followers",
        "following_url": "https://api.github.com/users/andrelaszlo/following{/other_user}",
        "gists_url": "https://api.github.com/users/andrelaszlo/gists{/gist_id}",
        "starred_url": "https://api.github.com/users/andrelaszlo/starred{/owner}{/repo}",
        "subscriptions_url": "https://api.github.com/users/andrelaszlo/subscriptions",
        "organizations_url": "https://api.github.com/users/andrelaszlo/orgs",
        "repos_url": "https://api.github.com/users/andrelaszlo/repos",
        "events_url": "https://api.github.com/users/andrelaszlo/events{/privacy}",
        "received_events_url": "https://api.github.com/users/andrelaszlo/received_events",
        "type": "User",
        "site_admin": false
      },
      "private": false,
      "html_url": "https://github.com/andrelaszlo/cassandra",
      "description": "A distributed storage system for managing structured data while providing reliability at scale.",
      "fork": true,
      "url": "https://api.github.com/repos/andrelaszlo/cassandra",
      "forks_url": "https://api.github.com/repos/andrelaszlo/cassandra/forks",
      "keys_url": "https://api.github.com/repos/andrelaszlo/cassandra/keys{/key_id}",
      "collaborators_url": "https://api.github.com/repos/andrelaszlo/cassandra/collaborators{/collaborator}",
      "teams_url": "https://api.github.com/repos/andrelaszlo/cassandra/teams",
      "hooks_url": "https://api.github.com/repos/andrelaszlo/cassandra/hooks",
      "issue_events_url": "https://api.github.com/repos/andrelaszlo/cassandra/issues/events{/number}",
      "events_url": "https://api.github.com/repos/andrelaszlo/cassandra/events",
      "assignees_url": "https://api.github.com/repos/andrelaszlo/cassandra/assignees{/user}",
      "branches_url": "https://api.github.com/repos/andrelaszlo/cassandra/branches{/branch}",
      "tags_url": "https://api.github.com/repos/andrelaszlo/cassandra/tags",
      "blobs_url": "https://api.github.com/repos/andrelaszlo/cassandra/git/blobs{/sha}",
      "git_tags_url": "https://api.github.com/repos/andrelaszlo/cassandra/git/tags{/sha}",
      "git_refs_url": "https://api.github.com/repos/andrelaszlo/cassandra/git/refs{/sha}",
      "trees_url": "https://api.github.com/repos/andrelaszlo/cassandra/git/trees{/sha}",
      "statuses_url": "https://api.github.com/repos/andrelaszlo/cassandra/statuses/{sha}",
      "languages_url": "https://api.github.com/repos/andrelaszlo/cassandra/languages",
      "stargazers_url": "https://api.github.com/repos/andrelaszlo/cassandra/stargazers",
      "contributors_url": "https://api.github.com/repos/andrelaszlo/cassandra/contributors",
      "subscribers_url": "https://api.github.com/repos/andrelaszlo/cassandra/subscribers",
      "subscription_url": "https://api.github.com/repos/andrelaszlo/cassandra/subscription",
      "commits_url": "https://api.github.com/repos/andrelaszlo/cassandra/commits{/sha}",
      "git_commits_url": "https://api.github.com/repos/andrelaszlo/cassandra/git/commits{/sha}",
      "comments_url": "https://api.github.com/repos/andrelaszlo/cassandra/comments{/number}",
      "issue_comment_url": "https://api.github.com/repos/andrelaszlo/cassandra/issues/comments{/number}",
      "contents_url": "https://api.github.com/repos/andrelaszlo/cassandra/contents/{+path}",
      "compare_url": "https://api.github.com/repos/andrelaszlo/cassandra/compare/{base}...{head}",
      "merges_url": "https://api.github.com/repos/andrelaszlo/cassandra/merges",
      "archive_url": "https://api.github.com/repos/andrelaszlo/cassandra/{archive_format}{/ref}",
      "downloads_url": "https://api.github.com/repos/andrelaszlo/cassandra/downloads",
      "issues_url": "https://api.github.com/repos/andrelaszlo/cassandra/issues{/number}",
      "pulls_url": "https://api.github.com/repos/andrelaszlo/cassandra/pulls{/number}",
      "milestones_url": "https://api.github.com/repos/andrelaszlo/cassandra/milestones{/number}",
      "notifications_url": "https://api.github.com/repos/andrelaszlo/cassandra/notifications{?since,all,participating}",
      "labels_url": "https://api.github.com/repos/andrelaszlo/cassandra/labels{/name}",
      "releases_url": "https://api.github.com/repos/andrelaszlo/cassandra/releases{/id}",
      "deployments_url": "https://api.github.com/repos/andrelaszlo/cassandra/deployments",
      "created_at": "2017-05-17T13:05:31Z",
      "updated_at": "2017-05-17T13:05:42Z",
      "pushed_at": "2017-05-17T15:08:40Z",
      "git_url": "git://github.com/andrelaszlo/cassandra.git",
      "ssh_url": "git@github.com:andrelaszlo/cassandra.git",
      "clone_url": "https://github.com/andrelaszlo/cassandra.git",
      "svn_url": "https://github.com/andrelaszlo/cassandra",
      "homepage": "http://incubator.apache.org/cassandra/",
      "size": 15049,
      "stargazers_count": 0,
      "watchers_count": 0,
      "language": "Java",
      "has_issues": false,
      "has_projects": true,
      "has_downloads": true,
      "has_wiki": false,
      "has_pages": false,
      "forks_count": 0,
      "mirror_url": null,
      "open_issues_count": 0,
      "forks": 0,
      "open_issues": 0,
      "watchers": 0,
      "default_branch": "master"
    }
  },
  "base": {
    "label": "facebookarchive:master",
    "ref": "master",
    "sha": "0de492d03ae0eb061dc09b6bfa9f737997491798",
    "user": {
      "login": "facebookarchive",
      "id": 7560860,
      "avatar_url": "https://avatars3.githubusercontent.com/u/7560860?v=3",
      "gravatar_id": "",
      "url": "https://api.github.com/users/facebookarchive",
      "html_url": "https://github.com/facebookarchive",
      "followers_url": "https://api.github.com/users/facebookarchive/followers",
      "following_url": "https://api.github.com/users/facebookarchive/following{/other_user}",
      "gists_url": "https://api.github.com/users/facebookarchive/gists{/gist_id}",
      "starred_url": "https://api.github.com/users/facebookarchive/starred{/owner}{/repo}",
      "subscriptions_url": "https://api.github.com/users/facebookarchive/subscriptions",
      "organizations_url": "https://api.github.com/users/facebookarchive/orgs",
      "repos_url": "https://api.github.com/users/facebookarchive/repos",
      "events_url": "https://api.github.com/users/facebookarchive/events{/privacy}",
      "received_events_url": "https://api.github.com/users/facebookarchive/received_events",
      "type": "Organization",
      "site_admin": false
    },
    "repo": {
      "id": 165889,
      "name": "cassandra",
      "full_name": "facebookarchive/cassandra",
      "owner": {
        "login": "facebookarchive",
        "id": 7560860,
        "avatar_url": "https://avatars3.githubusercontent.com/u/7560860?v=3",
        "gravatar_id": "",
        "url": "https://api.github.com/users/facebookarchive",
        "html_url": "https://github.com/facebookarchive",
        "followers_url": "https://api.github.com/users/facebookarchive/followers",
        "following_url": "https://api.github.com/users/facebookarchive/following{/other_user}",
        "gists_url": "https://api.github.com/users/facebookarchive/gists{/gist_id}",
        "starred_url": "https://api.github.com/users/facebookarchive/starred{/owner}{/repo}",
        "subscriptions_url": "https://api.github.com/users/facebookarchive/subscriptions",
        "organizations_url": "https://api.github.com/users/facebookarchive/orgs",
        "repos_url": "https://api.github.com/users/facebookarchive/repos",
        "events_url": "https://api.github.com/users/facebookarchive/events{/privacy}",
        "received_events_url": "https://api.github.com/users/facebookarchive/received_events",
        "type": "Organization",
        "site_admin": false
      },
      "private": false,
      "html_url": "https://github.com/facebookarchive/cassandra",
      "description": "A distributed storage system for managing structured data while providing reliability at scale.",
      "fork": false,
      "url": "https://api.github.com/repos/facebookarchive/cassandra",
      "forks_url": "https://api.github.com/repos/facebookarchive/cassandra/forks",
      "keys_url": "https://api.github.com/repos/facebookarchive/cassandra/keys{/key_id}",
      "collaborators_url": "https://api.github.com/repos/facebookarchive/cassandra/collaborators{/collaborator}",
      "teams_url": "https://api.github.com/repos/facebookarchive/cassandra/teams",
      "hooks_url": "https://api.github.com/repos/facebookarchive/cassandra/hooks",
      "issue_events_url": "https://api.github.com/repos/facebookarchive/cassandra/issues/events{/number}",
      "events_url": "https://api.github.com/repos/facebookarchive/cassandra/events",
      "assignees_url": "https://api.github.com/repos/facebookarchive/cassandra/assignees{/user}",
      "branches_url": "https://api.github.com/repos/facebookarchive/cassandra/branches{/branch}",
      "tags_url": "https://api.github.com/repos/facebookarchive/cassandra/tags",
      "blobs_url": "https://api.github.com/repos/facebookarchive/cassandra/git/blobs{/sha}",
      "git_tags_url": "https://api.github.com/repos/facebookarchive/cassandra/git/tags{/sha}",
      "git_refs_url": "https://api.github.com/repos/facebookarchive/cassandra/git/refs{/sha}",
      "trees_url": "https://api.github.com/repos/facebookarchive/cassandra/git/trees{/sha}",
      "statuses_url": "https://api.github.com/repos/facebookarchive/cassandra/statuses/{sha}",
      "languages_url": "https://api.github.com/repos/facebookarchive/cassandra/languages",
      "stargazers_url": "https://api.github.com/repos/facebookarchive/cassandra/stargazers",
      "contributors_url": "https://api.github.com/repos/facebookarchive/cassandra/contributors",
      "subscribers_url": "https://api.github.com/repos/facebookarchive/cassandra/subscribers",
      "subscription_url": "https://api.github.com/repos/facebookarchive/cassandra/subscription",
      "commits_url": "https://api.github.com/repos/facebookarchive/cassandra/commits{/sha}",
      "git_commits_url": "https://api.github.com/repos/facebookarchive/cassandra/git/commits{/sha}",
      "comments_url": "https://api.github.com/repos/facebookarchive/cassandra/comments{/number}",
      "issue_comment_url": "https://api.github.com/repos/facebookarchive/cassandra/issues/comments{/number}",
      "contents_url": "https://api.github.com/repos/facebookarchive/cassandra/contents/{+path}",
      "compare_url": "https://api.github.com/repos/facebookarchive/cassandra/compare/{base}...{head}",
      "merges_url": "https://api.github.com/repos/facebookarchive/cassandra/merges",
      "archive_url": "https://api.github.com/repos/facebookarchive/cassandra/{archive_format}{/ref}",
      "downloads_url": "https://api.github.com/repos/facebookarchive/cassandra/downloads",
      "issues_url": "https://api.github.com/repos/facebookarchive/cassandra/issues{/number}",
      "pulls_url": "https://api.github.com/repos/facebookarchive/cassandra/pulls{/number}",
      "milestones_url": "https://api.github.com/repos/facebookarchive/cassandra/milestones{/number}",
      "notifications_url": "https://api.github.com/repos/facebookarchive/cassandra/notifications{?since,all,participating}",
      "labels_url": "https://api.github.com/repos/facebookarchive/cassandra/labels{/name}",
      "releases_url": "https://api.github.com/repos/facebookarchive/cassandra/releases{/id}",
      "deployments_url": "https://api.github.com/repos/facebookarchive/cassandra/deployments",
      "created_at": "2009-04-02T04:59:15Z",
      "updated_at": "2017-05-02T05:00:38Z",
      "pushed_at": "2014-05-13T20:22:38Z",
      "git_url": "git://github.com/facebookarchive/cassandra.git",
      "ssh_url": "git@github.com:facebookarchive/cassandra.git",
      "clone_url": "https://github.com/facebookarchive/cassandra.git",
      "svn_url": "https://github.com/facebookarchive/cassandra",
      "homepage": "http://incubator.apache.org/cassandra/",
      "size": 15049,
      "stargazers_count": 208,
      "watchers_count": 208,
      "language": "Java",
      "has_issues": false,
      "has_projects": true,
      "has_downloads": true,
      "has_wiki": false,
      "has_pages": false,
      "forks_count": 46,
      "mirror_url": null,
      "open_issues_count": 1,
      "forks": 46,
      "open_issues": 1,
      "watchers": 208,
      "default_branch": "master"
    }
  },
  "_links": {
    "self": {
      "href": "https://api.github.com/repos/facebookarchive/cassandra/pulls/1"
    },
    "html": {
      "href": "https://github.com/facebookarchive/cassandra/pull/1"
    },
    "issue": {
      "href": "https://api.github.com/repos/facebookarchive/cassandra/issues/1"
    },
    "comments": {
      "href": "https://api.github.com/repos/facebookarchive/cassandra/issues/1/comments"
    },
    "review_comments": {
      "href": "https://api.github.com/repos/facebookarchive/cassandra/pulls/1/comments"
    },
    "review_comment": {
      "href": "https://api.github.com/repos/facebookarchive/cassandra/pulls/comments{/number}"
    },
    "commits": {
      "href": "https://api.github.com/repos/facebookarchive/cassandra/pulls/1/commits"
    },
    "statuses": {
      "href": "https://api.github.com/repos/facebookarchive/cassandra/statuses/f1966d980425bcc013947efb8369775059787dbe"
    }
  },
  "merged": false,
  "mergeable": null,
  "rebaseable": null,
  "mergeable_state": "unknown",
  "merged_by": null,
  "comments": 0,
  "review_comments": 0,
  "maintainer_can_modify": true,
  "commits": 1,
  "additions": 1,
  "deletions": 1,
  "changed_files": 1
}
{
  "message": "Validation Failed",
  "errors": [
    {
      "resource": "PullRequest",
      "field": "head",
      "code": "invalid"
    }
  ],
  "documentation_url": "https://developer.github.com/v3/pulls/#create-a-pull-request"
}
